<?xml version="1.0" encoding="UTF-8"?>
<testng-results ignored="0" total="1" passed="1" failed="0" skipped="0">
  <reporter-output>
  </reporter-output>
  <suite started-at="2022-11-18T12:06:28 EST" name="Default suite" finished-at="2022-11-18T12:06:28 EST" duration-ms="369">
    <groups>
    </groups>
    <test started-at="2022-11-18T12:06:28 EST" name="Default test" finished-at="2022-11-18T12:06:28 EST" duration-ms="369">
      <class name="testcases.LoggerTest">
        <test-method signature="tst001_TstngLog()[pri:0, instance:testcases.LoggerTest@c33b74f]" started-at="2022-11-18T12:06:28 EST" name="tst001_TstngLog" finished-at="2022-11-18T12:06:28 EST" duration-ms="348" status="PASS">
          <reporter-output>
          </reporter-output>
        </test-method> <!-- tst001_TstngLog -->
      </class> <!-- testcases.LoggerTest -->
    </test> <!-- Default test -->
  </suite> <!-- Default suite -->
</testng-results>
